have_header: checking for ruby/st.h... -------------------- yes

"gcc -o conftest -I/home/lewis/.rbenv/versions/2.6.2/include/ruby-2.6.0/x86_64-linux -I/home/lewis/.rbenv/versions/2.6.2/include/ruby-2.6.0/ruby/backward -I/home/lewis/.rbenv/versions/2.6.2/include/ruby-2.6.0 -I. -I/home/lewis/.rbenv/versions/2.6.2/include    -O3 -ggdb3 -Wall -Wextra -Wdeclaration-after-statement -Wdeprecated-declarations -Wduplicated-cond -Wimplicit-function-declaration -Wimplicit-int -Wmisleading-indentation -Wpointer-arith -Wrestrict -Wwrite-strings -Wimplicit-fallthrough=0 -Wmissing-noreturn -Wno-cast-function-type -Wno-constant-logical-operand -Wno-long-long -Wno-missing-field-initializers -Wno-overlength-strings -Wno-packed-bitfield-compat -Wno-parentheses-equality -Wno-self-assign -Wno-tautological-compare -Wno-unused-parameter -Wno-unused-value -Wsuggest-attribute=format -Wsuggest-attribute=noreturn -Wunused-variable  -fPIC conftest.c  -L. -L/home/lewis/.rbenv/versions/2.6.2/lib -Wl,-rpath,/home/lewis/.rbenv/versions/2.6.2/lib -L. -L/home/lewis/.rbenv/versions/2.6.2/lib  -fstack-protector-strong -rdynamic -Wl,-export-dynamic     -Wl,-rpath,/home/lewis/.rbenv/versions/2.6.2/lib -L/home/lewis/.rbenv/versions/2.6.2/lib -lruby  -lm   -lc"
checked program was:
/* begin */
1: #include "ruby.h"
2: 
3: int main(int argc, char **argv)
4: {
5:   return 0;
6: }
/* end */

"gcc -E -I/home/lewis/.rbenv/versions/2.6.2/include/ruby-2.6.0/x86_64-linux -I/home/lewis/.rbenv/versions/2.6.2/include/ruby-2.6.0/ruby/backward -I/home/lewis/.rbenv/versions/2.6.2/include/ruby-2.6.0 -I. -I/home/lewis/.rbenv/versions/2.6.2/include    -O3 -ggdb3 -Wall -Wextra -Wdeclaration-after-statement -Wdeprecated-declarations -Wduplicated-cond -Wimplicit-function-declaration -Wimplicit-int -Wmisleading-indentation -Wpointer-arith -Wrestrict -Wwrite-strings -Wimplicit-fallthrough=0 -Wmissing-noreturn -Wno-cast-function-type -Wno-constant-logical-operand -Wno-long-long -Wno-missing-field-initializers -Wno-overlength-strings -Wno-packed-bitfield-compat -Wno-parentheses-equality -Wno-self-assign -Wno-tautological-compare -Wno-unused-parameter -Wno-unused-value -Wsuggest-attribute=format -Wsuggest-attribute=noreturn -Wunused-variable  -fPIC  conftest.c -o conftest.i"
checked program was:
/* begin */
1: #include "ruby.h"
2: 
3: #include <ruby/st.h>
/* end */

--------------------

have_header: checking for st.h... -------------------- yes

"gcc -E -I/home/lewis/.rbenv/versions/2.6.2/include/ruby-2.6.0/x86_64-linux -I/home/lewis/.rbenv/versions/2.6.2/include/ruby-2.6.0/ruby/backward -I/home/lewis/.rbenv/versions/2.6.2/include/ruby-2.6.0 -I. -I/home/lewis/.rbenv/versions/2.6.2/include    -O3 -ggdb3 -Wall -Wextra -Wdeclaration-after-statement -Wdeprecated-declarations -Wduplicated-cond -Wimplicit-function-declaration -Wimplicit-int -Wmisleading-indentation -Wpointer-arith -Wrestrict -Wwrite-strings -Wimplicit-fallthrough=0 -Wmissing-noreturn -Wno-cast-function-type -Wno-constant-logical-operand -Wno-long-long -Wno-missing-field-initializers -Wno-overlength-strings -Wno-packed-bitfield-compat -Wno-parentheses-equality -Wno-self-assign -Wno-tautological-compare -Wno-unused-parameter -Wno-unused-value -Wsuggest-attribute=format -Wsuggest-attribute=noreturn -Wunused-variable  -fPIC  conftest.c -o conftest.i"
In file included from conftest.c:3:
/home/lewis/.rbenv/versions/2.6.2/include/ruby-2.6.0/ruby/backward/st.h:2:2: warning: #warning use "ruby/st.h" instead of bare "st.h" [-Wcpp]
    2 | #warning use "ruby/st.h" instead of bare "st.h"
      |  ^~~~~~~
cc1: warning: unrecognized command line option ‘-Wno-self-assign’
cc1: warning: unrecognized command line option ‘-Wno-parentheses-equality’
cc1: warning: unrecognized command line option ‘-Wno-constant-logical-operand’
checked program was:
/* begin */
1: #include "ruby.h"
2: 
3: #include <st.h>
/* end */

--------------------

have_func: checking for rb_enc_interned_str() in ruby.h... -------------------- no

"gcc -o conftest -I/home/lewis/.rbenv/versions/2.6.2/include/ruby-2.6.0/x86_64-linux -I/home/lewis/.rbenv/versions/2.6.2/include/ruby-2.6.0/ruby/backward -I/home/lewis/.rbenv/versions/2.6.2/include/ruby-2.6.0 -I. -I/home/lewis/.rbenv/versions/2.6.2/include    -O3 -ggdb3 -Wall -Wextra -Wdeclaration-after-statement -Wdeprecated-declarations -Wduplicated-cond -Wimplicit-function-declaration -Wimplicit-int -Wmisleading-indentation -Wpointer-arith -Wrestrict -Wwrite-strings -Wimplicit-fallthrough=0 -Wmissing-noreturn -Wno-cast-function-type -Wno-constant-logical-operand -Wno-long-long -Wno-missing-field-initializers -Wno-overlength-strings -Wno-packed-bitfield-compat -Wno-parentheses-equality -Wno-self-assign -Wno-tautological-compare -Wno-unused-parameter -Wno-unused-value -Wsuggest-attribute=format -Wsuggest-attribute=noreturn -Wunused-variable  -fPIC conftest.c  -L. -L/home/lewis/.rbenv/versions/2.6.2/lib -Wl,-rpath,/home/lewis/.rbenv/versions/2.6.2/lib -L. -L/home/lewis/.rbenv/versions/2.6.2/lib  -fstack-protector-strong -rdynamic -Wl,-export-dynamic     -Wl,-rpath,/home/lewis/.rbenv/versions/2.6.2/lib -L/home/lewis/.rbenv/versions/2.6.2/lib -lruby  -lm   -lc"
conftest.c: In function ‘t’:
conftest.c:16:57: error: ‘rb_enc_interned_str’ undeclared (first use in this function); did you mean ‘rb_sym_interned_p’?
   16 | int t(void) { void ((*volatile p)()); p = (void ((*)()))rb_enc_interned_str; return !p; }
      |                                                         ^~~~~~~~~~~~~~~~~~~
      |                                                         rb_sym_interned_p
conftest.c:16:57: note: each undeclared identifier is reported only once for each function it appears in
conftest.c: At top level:
cc1: warning: unrecognized command line option ‘-Wno-self-assign’
cc1: warning: unrecognized command line option ‘-Wno-parentheses-equality’
cc1: warning: unrecognized command line option ‘-Wno-constant-logical-operand’
checked program was:
/* begin */
 1: #include "ruby.h"
 2: 
 3: #include <ruby.h>
 4: 
 5: /*top*/
 6: extern int t(void);
 7: int main(int argc, char **argv)
 8: {
 9:   if (argc > 1000000) {
10:     int (* volatile tp)(void)=(int (*)(void))&t;
11:     printf("%d", (*tp)());
12:   }
13: 
14:   return 0;
15: }
16: int t(void) { void ((*volatile p)()); p = (void ((*)()))rb_enc_interned_str; return !p; }
/* end */

"gcc -o conftest -I/home/lewis/.rbenv/versions/2.6.2/include/ruby-2.6.0/x86_64-linux -I/home/lewis/.rbenv/versions/2.6.2/include/ruby-2.6.0/ruby/backward -I/home/lewis/.rbenv/versions/2.6.2/include/ruby-2.6.0 -I. -I/home/lewis/.rbenv/versions/2.6.2/include    -O3 -ggdb3 -Wall -Wextra -Wdeclaration-after-statement -Wdeprecated-declarations -Wduplicated-cond -Wimplicit-function-declaration -Wimplicit-int -Wmisleading-indentation -Wpointer-arith -Wrestrict -Wwrite-strings -Wimplicit-fallthrough=0 -Wmissing-noreturn -Wno-cast-function-type -Wno-constant-logical-operand -Wno-long-long -Wno-missing-field-initializers -Wno-overlength-strings -Wno-packed-bitfield-compat -Wno-parentheses-equality -Wno-self-assign -Wno-tautological-compare -Wno-unused-parameter -Wno-unused-value -Wsuggest-attribute=format -Wsuggest-attribute=noreturn -Wunused-variable  -fPIC conftest.c  -L. -L/home/lewis/.rbenv/versions/2.6.2/lib -Wl,-rpath,/home/lewis/.rbenv/versions/2.6.2/lib -L. -L/home/lewis/.rbenv/versions/2.6.2/lib  -fstack-protector-strong -rdynamic -Wl,-export-dynamic     -Wl,-rpath,/home/lewis/.rbenv/versions/2.6.2/lib -L/home/lewis/.rbenv/versions/2.6.2/lib -lruby  -lm   -lc"
/usr/bin/ld: /tmp/ccLOnF4e.o: in function `t':
/home/lewis/Farming/farms-to-peeps-server/vendor/bundle/ruby/2.6.0/gems/msgpack-1.7.0/ext/msgpack/conftest.c:17: undefined reference to `rb_enc_interned_str'
collect2: error: ld returned 1 exit status
checked program was:
/* begin */
 1: #include "ruby.h"
 2: 
 3: #include <ruby.h>
 4: 
 5: /*top*/
 6: extern int t(void);
 7: int main(int argc, char **argv)
 8: {
 9:   if (argc > 1000000) {
10:     int (* volatile tp)(void)=(int (*)(void))&t;
11:     printf("%d", (*tp)());
12:   }
13: 
14:   return 0;
15: }
16: extern void rb_enc_interned_str();
17: int t(void) { rb_enc_interned_str(); return 0; }
/* end */

--------------------

have_func: checking for rb_hash_new_capa() in ruby.h... -------------------- no

"gcc -o conftest -I/home/lewis/.rbenv/versions/2.6.2/include/ruby-2.6.0/x86_64-linux -I/home/lewis/.rbenv/versions/2.6.2/include/ruby-2.6.0/ruby/backward -I/home/lewis/.rbenv/versions/2.6.2/include/ruby-2.6.0 -I. -I/home/lewis/.rbenv/versions/2.6.2/include    -O3 -ggdb3 -Wall -Wextra -Wdeclaration-after-statement -Wdeprecated-declarations -Wduplicated-cond -Wimplicit-function-declaration -Wimplicit-int -Wmisleading-indentation -Wpointer-arith -Wrestrict -Wwrite-strings -Wimplicit-fallthrough=0 -Wmissing-noreturn -Wno-cast-function-type -Wno-constant-logical-operand -Wno-long-long -Wno-missing-field-initializers -Wno-overlength-strings -Wno-packed-bitfield-compat -Wno-parentheses-equality -Wno-self-assign -Wno-tautological-compare -Wno-unused-parameter -Wno-unused-value -Wsuggest-attribute=format -Wsuggest-attribute=noreturn -Wunused-variable  -fPIC conftest.c  -L. -L/home/lewis/.rbenv/versions/2.6.2/lib -Wl,-rpath,/home/lewis/.rbenv/versions/2.6.2/lib -L. -L/home/lewis/.rbenv/versions/2.6.2/lib  -fstack-protector-strong -rdynamic -Wl,-export-dynamic     -Wl,-rpath,/home/lewis/.rbenv/versions/2.6.2/lib -L/home/lewis/.rbenv/versions/2.6.2/lib -lruby  -lm   -lc"
conftest.c: In function ‘t’:
conftest.c:16:57: error: ‘rb_hash_new_capa’ undeclared (first use in this function); did you mean ‘rb_ary_new_capa’?
   16 | int t(void) { void ((*volatile p)()); p = (void ((*)()))rb_hash_new_capa; return !p; }
      |                                                         ^~~~~~~~~~~~~~~~
      |                                                         rb_ary_new_capa
conftest.c:16:57: note: each undeclared identifier is reported only once for each function it appears in
conftest.c: At top level:
cc1: warning: unrecognized command line option ‘-Wno-self-assign’
cc1: warning: unrecognized command line option ‘-Wno-parentheses-equality’
cc1: warning: unrecognized command line option ‘-Wno-constant-logical-operand’
checked program was:
/* begin */
 1: #include "ruby.h"
 2: 
 3: #include <ruby.h>
 4: 
 5: /*top*/
 6: extern int t(void);
 7: int main(int argc, char **argv)
 8: {
 9:   if (argc > 1000000) {
10:     int (* volatile tp)(void)=(int (*)(void))&t;
11:     printf("%d", (*tp)());
12:   }
13: 
14:   return 0;
15: }
16: int t(void) { void ((*volatile p)()); p = (void ((*)()))rb_hash_new_capa; return !p; }
/* end */

"gcc -o conftest -I/home/lewis/.rbenv/versions/2.6.2/include/ruby-2.6.0/x86_64-linux -I/home/lewis/.rbenv/versions/2.6.2/include/ruby-2.6.0/ruby/backward -I/home/lewis/.rbenv/versions/2.6.2/include/ruby-2.6.0 -I. -I/home/lewis/.rbenv/versions/2.6.2/include    -O3 -ggdb3 -Wall -Wextra -Wdeclaration-after-statement -Wdeprecated-declarations -Wduplicated-cond -Wimplicit-function-declaration -Wimplicit-int -Wmisleading-indentation -Wpointer-arith -Wrestrict -Wwrite-strings -Wimplicit-fallthrough=0 -Wmissing-noreturn -Wno-cast-function-type -Wno-constant-logical-operand -Wno-long-long -Wno-missing-field-initializers -Wno-overlength-strings -Wno-packed-bitfield-compat -Wno-parentheses-equality -Wno-self-assign -Wno-tautological-compare -Wno-unused-parameter -Wno-unused-value -Wsuggest-attribute=format -Wsuggest-attribute=noreturn -Wunused-variable  -fPIC conftest.c  -L. -L/home/lewis/.rbenv/versions/2.6.2/lib -Wl,-rpath,/home/lewis/.rbenv/versions/2.6.2/lib -L. -L/home/lewis/.rbenv/versions/2.6.2/lib  -fstack-protector-strong -rdynamic -Wl,-export-dynamic     -Wl,-rpath,/home/lewis/.rbenv/versions/2.6.2/lib -L/home/lewis/.rbenv/versions/2.6.2/lib -lruby  -lm   -lc"
/usr/bin/ld: /tmp/ccjkQVNM.o: in function `t':
/home/lewis/Farming/farms-to-peeps-server/vendor/bundle/ruby/2.6.0/gems/msgpack-1.7.0/ext/msgpack/conftest.c:17: undefined reference to `rb_hash_new_capa'
collect2: error: ld returned 1 exit status
checked program was:
/* begin */
 1: #include "ruby.h"
 2: 
 3: #include <ruby.h>
 4: 
 5: /*top*/
 6: extern int t(void);
 7: int main(int argc, char **argv)
 8: {
 9:   if (argc > 1000000) {
10:     int (* volatile tp)(void)=(int (*)(void))&t;
11:     printf("%d", (*tp)());
12:   }
13: 
14:   return 0;
15: }
16: extern void rb_hash_new_capa();
17: int t(void) { rb_hash_new_capa(); return 0; }
/* end */

--------------------

